  Museum.cpp
C:\Users\Alex Lung\Desktop\Clone\Museum\Museum\OBJ_Loader.h(652,25): warning C4018: '<': signed/unsigned mismatch
C:\Users\Alex Lung\Desktop\Clone\Museum\Museum\OBJ_Loader.h(689,22): warning C4018: '<': signed/unsigned mismatch
C:\Users\Alex Lung\Desktop\Clone\Museum\Museum\OBJ_Loader.h(695,23): warning C4018: '<': signed/unsigned mismatch
C:\Users\Alex Lung\Desktop\Clone\Museum\Museum\OBJ_Loader.h(949,18): warning C4244: 'initializing': conversion from 'double' to 'float', possible loss of data
C:\Users\Alex Lung\Desktop\Clone\Museum\Museum\Museum.cpp(980,21): warning C4018: '<': signed/unsigned mismatch
C:\Users\Alex Lung\Desktop\Clone\Museum\Museum\Museum.cpp(992,21): warning C4018: '<': signed/unsigned mismatch
C:\Users\Alex Lung\Desktop\Clone\Museum\Museum\Museum.cpp(997,21): warning C4018: '<': signed/unsigned mismatch
C:\Users\Alex Lung\Desktop\Clone\Museum\Museum\Museum.cpp(1003,21): warning C4018: '<': signed/unsigned mismatch
C:\Users\Alex Lung\Desktop\Clone\Museum\Museum\Museum.cpp(1005,28): warning C4244: '=': conversion from '_Ty' to 'unsigned int', possible loss of data
C:\Users\Alex Lung\Desktop\Clone\Museum\Museum\Museum.cpp(1005,28): warning C4244:         with
C:\Users\Alex Lung\Desktop\Clone\Museum\Museum\Museum.cpp(1005,28): warning C4244:         [
C:\Users\Alex Lung\Desktop\Clone\Museum\Museum\Museum.cpp(1005,28): warning C4244:             _Ty=float
C:\Users\Alex Lung\Desktop\Clone\Museum\Museum\Museum.cpp(1005,28): warning C4244:         ]
C:\Users\Alex Lung\Desktop\Clone\Museum\Museum\Museum.cpp(1057,21): warning C4018: '<': signed/unsigned mismatch
C:\Users\Alex Lung\Desktop\Clone\Museum\Museum\Museum.cpp(1069,21): warning C4018: '<': signed/unsigned mismatch
C:\Users\Alex Lung\Desktop\Clone\Museum\Museum\Museum.cpp(1074,21): warning C4018: '<': signed/unsigned mismatch
C:\Users\Alex Lung\Desktop\Clone\Museum\Museum\Museum.cpp(1080,21): warning C4018: '<': signed/unsigned mismatch
C:\Users\Alex Lung\Desktop\Clone\Museum\Museum\Museum.cpp(1082,28): warning C4244: '=': conversion from '_Ty' to 'unsigned int', possible loss of data
C:\Users\Alex Lung\Desktop\Clone\Museum\Museum\Museum.cpp(1082,28): warning C4244:         with
C:\Users\Alex Lung\Desktop\Clone\Museum\Museum\Museum.cpp(1082,28): warning C4244:         [
C:\Users\Alex Lung\Desktop\Clone\Museum\Museum\Museum.cpp(1082,28): warning C4244:             _Ty=float
C:\Users\Alex Lung\Desktop\Clone\Museum\Museum\Museum.cpp(1082,28): warning C4244:         ]
C:\Users\Alex Lung\Desktop\Clone\Museum\Museum\Museum.cpp(1133,21): warning C4018: '<': signed/unsigned mismatch
C:\Users\Alex Lung\Desktop\Clone\Museum\Museum\Museum.cpp(1145,21): warning C4018: '<': signed/unsigned mismatch
C:\Users\Alex Lung\Desktop\Clone\Museum\Museum\Museum.cpp(1150,21): warning C4018: '<': signed/unsigned mismatch
C:\Users\Alex Lung\Desktop\Clone\Museum\Museum\Museum.cpp(1156,21): warning C4018: '<': signed/unsigned mismatch
C:\Users\Alex Lung\Desktop\Clone\Museum\Museum\Museum.cpp(1158,28): warning C4244: '=': conversion from '_Ty' to 'unsigned int', possible loss of data
C:\Users\Alex Lung\Desktop\Clone\Museum\Museum\Museum.cpp(1158,28): warning C4244:         with
C:\Users\Alex Lung\Desktop\Clone\Museum\Museum\Museum.cpp(1158,28): warning C4244:         [
C:\Users\Alex Lung\Desktop\Clone\Museum\Museum\Museum.cpp(1158,28): warning C4244:             _Ty=float
C:\Users\Alex Lung\Desktop\Clone\Museum\Museum\Museum.cpp(1158,28): warning C4244:         ]
C:\Users\Alex Lung\Desktop\Clone\Museum\Museum\Museum.cpp(1207,21): warning C4018: '<': signed/unsigned mismatch
C:\Users\Alex Lung\Desktop\Clone\Museum\Museum\Museum.cpp(1212,22): warning C4018: '<': signed/unsigned mismatch
C:\Users\Alex Lung\Desktop\Clone\Museum\Museum\Museum.cpp(1224,22): warning C4018: '<': signed/unsigned mismatch
C:\Users\Alex Lung\Desktop\Clone\Museum\Museum\Museum.cpp(1229,22): warning C4018: '<': signed/unsigned mismatch
C:\Users\Alex Lung\Desktop\Clone\Museum\Museum\Museum.cpp(1235,22): warning C4018: '<': signed/unsigned mismatch
C:\Users\Alex Lung\Desktop\Clone\Museum\Museum\Museum.cpp(1237,29): warning C4244: '=': conversion from '_Ty' to 'unsigned int', possible loss of data
C:\Users\Alex Lung\Desktop\Clone\Museum\Museum\Museum.cpp(1237,29): warning C4244:         with
C:\Users\Alex Lung\Desktop\Clone\Museum\Museum\Museum.cpp(1237,29): warning C4244:         [
C:\Users\Alex Lung\Desktop\Clone\Museum\Museum\Museum.cpp(1237,29): warning C4244:             _Ty=float
C:\Users\Alex Lung\Desktop\Clone\Museum\Museum\Museum.cpp(1237,29): warning C4244:         ]
C:\Users\Alex Lung\Desktop\Clone\Museum\Museum\Museum.cpp(1287,21): warning C4018: '<': signed/unsigned mismatch
C:\Users\Alex Lung\Desktop\Clone\Museum\Museum\Museum.cpp(1292,22): warning C4018: '<': signed/unsigned mismatch
C:\Users\Alex Lung\Desktop\Clone\Museum\Museum\Museum.cpp(1304,22): warning C4018: '<': signed/unsigned mismatch
C:\Users\Alex Lung\Desktop\Clone\Museum\Museum\Museum.cpp(1309,22): warning C4018: '<': signed/unsigned mismatch
C:\Users\Alex Lung\Desktop\Clone\Museum\Museum\Museum.cpp(1315,22): warning C4018: '<': signed/unsigned mismatch
C:\Users\Alex Lung\Desktop\Clone\Museum\Museum\Museum.cpp(1317,29): warning C4244: '=': conversion from '_Ty' to 'unsigned int', possible loss of data
C:\Users\Alex Lung\Desktop\Clone\Museum\Museum\Museum.cpp(1317,29): warning C4244:         with
C:\Users\Alex Lung\Desktop\Clone\Museum\Museum\Museum.cpp(1317,29): warning C4244:         [
C:\Users\Alex Lung\Desktop\Clone\Museum\Museum\Museum.cpp(1317,29): warning C4244:             _Ty=float
C:\Users\Alex Lung\Desktop\Clone\Museum\Museum\Museum.cpp(1317,29): warning C4244:         ]
C:\Users\Alex Lung\Desktop\Clone\Museum\Museum\Museum.cpp(1370,21): warning C4018: '<': signed/unsigned mismatch
C:\Users\Alex Lung\Desktop\Clone\Museum\Museum\Museum.cpp(1382,21): warning C4018: '<': signed/unsigned mismatch
C:\Users\Alex Lung\Desktop\Clone\Museum\Museum\Museum.cpp(1387,21): warning C4018: '<': signed/unsigned mismatch
C:\Users\Alex Lung\Desktop\Clone\Museum\Museum\Museum.cpp(1393,21): warning C4018: '<': signed/unsigned mismatch
C:\Users\Alex Lung\Desktop\Clone\Museum\Museum\Museum.cpp(1395,28): warning C4244: '=': conversion from '_Ty' to 'unsigned int', possible loss of data
C:\Users\Alex Lung\Desktop\Clone\Museum\Museum\Museum.cpp(1395,28): warning C4244:         with
C:\Users\Alex Lung\Desktop\Clone\Museum\Museum\Museum.cpp(1395,28): warning C4244:         [
C:\Users\Alex Lung\Desktop\Clone\Museum\Museum\Museum.cpp(1395,28): warning C4244:             _Ty=float
C:\Users\Alex Lung\Desktop\Clone\Museum\Museum\Museum.cpp(1395,28): warning C4244:         ]
C:\Users\Alex Lung\Desktop\Clone\Museum\Museum\Museum.cpp(1448,21): warning C4018: '<': signed/unsigned mismatch
C:\Users\Alex Lung\Desktop\Clone\Museum\Museum\Museum.cpp(1460,21): warning C4018: '<': signed/unsigned mismatch
C:\Users\Alex Lung\Desktop\Clone\Museum\Museum\Museum.cpp(1465,21): warning C4018: '<': signed/unsigned mismatch
C:\Users\Alex Lung\Desktop\Clone\Museum\Museum\Museum.cpp(1471,21): warning C4018: '<': signed/unsigned mismatch
C:\Users\Alex Lung\Desktop\Clone\Museum\Museum\Museum.cpp(1473,28): warning C4244: '=': conversion from '_Ty' to 'unsigned int', possible loss of data
C:\Users\Alex Lung\Desktop\Clone\Museum\Museum\Museum.cpp(1473,28): warning C4244:         with
C:\Users\Alex Lung\Desktop\Clone\Museum\Museum\Museum.cpp(1473,28): warning C4244:         [
C:\Users\Alex Lung\Desktop\Clone\Museum\Museum\Museum.cpp(1473,28): warning C4244:             _Ty=float
C:\Users\Alex Lung\Desktop\Clone\Museum\Museum\Museum.cpp(1473,28): warning C4244:         ]
C:\Users\Alex Lung\Desktop\Clone\Museum\Museum\Museum.cpp(1526,21): warning C4018: '<': signed/unsigned mismatch
C:\Users\Alex Lung\Desktop\Clone\Museum\Museum\Museum.cpp(1538,21): warning C4018: '<': signed/unsigned mismatch
C:\Users\Alex Lung\Desktop\Clone\Museum\Museum\Museum.cpp(1543,21): warning C4018: '<': signed/unsigned mismatch
C:\Users\Alex Lung\Desktop\Clone\Museum\Museum\Museum.cpp(1549,21): warning C4018: '<': signed/unsigned mismatch
C:\Users\Alex Lung\Desktop\Clone\Museum\Museum\Museum.cpp(1551,28): warning C4244: '=': conversion from '_Ty' to 'unsigned int', possible loss of data
C:\Users\Alex Lung\Desktop\Clone\Museum\Museum\Museum.cpp(1551,28): warning C4244:         with
C:\Users\Alex Lung\Desktop\Clone\Museum\Museum\Museum.cpp(1551,28): warning C4244:         [
C:\Users\Alex Lung\Desktop\Clone\Museum\Museum\Museum.cpp(1551,28): warning C4244:             _Ty=float
C:\Users\Alex Lung\Desktop\Clone\Museum\Museum\Museum.cpp(1551,28): warning C4244:         ]
  Museum.vcxproj -> C:\Users\Alex Lung\Desktop\Clone\Museum\Debug\Museum.exe
